{
  "RSpec": {
    "coverage": {
      "/usr/src/app/karafka.rb": [
        null,
        null,
        null,
        1,
        1,
        1,
        1,
        1,
        null,
        null,
        null,
        null,
        null,
        1,
        1,
        null,
        null,
        1,
        1,
        null,
        null,
        null,
        null,
        null,
        null,
        1,
        2,
        null,
        null,
        null,
        1,
        null,
        null,
        1,
        1,
        1,
        null,
        1,
        1,
        1,
        1,
        null,
        null,
        1,
        1,
        1,
        null,
        null,
        1,
        1,
        1,
        null,
        null,
        null,
        null,
        null,
        null,
        1,
        1,
        1,
        1,
        null,
        null,
        1,
        1,
        1,
        null,
        null,
        null,
        null,
        1
      ],
      "/usr/src/app/lib/xml_parser.rb": [
        null,
        null,
        null,
        1,
        null,
        null,
        null,
        null,
        1,
        4,
        null,
        null
      ],
      "/usr/src/app/app/consumers/application_consumer.rb": [
        null,
        null,
        null,
        null,
        null,
        1
      ],
      "/usr/src/app/app/consumers/callbacked_consumer.rb": [
        null,
        null,
        null,
        1,
        1,
        null,
        null,
        null,
        1,
        null,
        0,
        0,
        null,
        null,
        null,
        1,
        0,
        0,
        null,
        null,
        1,
        0,
        null,
        null,
        1,
        0,
        null,
        null,
        null,
        1,
        0,
        0,
        null,
        null,
        null
      ],
      "/usr/src/app/app/consumers/inline_batch_consumer.rb": [
        null,
        null,
        null,
        null,
        null,
        null,
        1,
        null,
        1,
        null,
        1,
        2,
        2,
        1,
        null,
        null
      ],
      "/usr/src/app/app/consumers/pong/ping_consumer.rb": [
        null,
        null,
        null,
        1,
        null,
        1,
        null,
        1,
        0,
        null,
        0,
        null,
        null,
        null
      ],
      "/usr/src/app/app/consumers/pong/pong_consumer.rb": [
        null,
        null,
        1,
        null,
        1,
        null,
        1,
        null,
        0,
        0,
        0,
        null,
        null,
        null
      ],
      "/usr/src/app/app/consumers/xml_messages_consumer.rb": [
        null,
        null,
        null,
        null,
        null,
        1,
        null,
        1,
        2,
        null,
        null
      ],
      "/usr/src/app/app/responders/application_responder.rb": [
        null,
        null,
        null,
        null,
        1
      ],
      "/usr/src/app/app/responders/pong/ping_responder.rb": [
        null,
        null,
        1,
        null,
        1,
        1,
        null,
        null,
        null,
        1,
        2,
        null,
        null,
        null
      ],
      "/usr/src/app/app/responders/pong/pong_responder.rb": [
        null,
        null,
        1,
        null,
        1,
        1,
        null,
        null,
        null,
        1,
        1,
        null,
        null,
        null
      ],
      "/usr/src/app/app/workers/application_worker.rb": [
        null,
        null,
        null,
        null,
        null,
        null,
        1
      ]
    },
    "timestamp": 1537166764
  }
}
